<?xml version="1.0" encoding="UTF-8"?>
<!-- Generated by org.testng.reporters.JUnitReportReporter -->
<testsuite hostname="Dell" failures="0" tests="1" name="com.actitime.testscript.DemoTestNG" time="0.014" errors="0" timestamp="2022-09-22T11:33:00 IST" skipped="0">
  <testcase classname="com.actitime.testscript.DemoTestNG" name="demotest" time="0.014"/>
  <system-out>
    <![CDATA[welcome]]>
  </system-out>
</testsuite> <!-- com.actitime.testscript.DemoTestNG -->
